<?xml version="1.0" encoding="UTF-8"?>
<testng-results ignored="0" total="1" passed="1" failed="0" skipped="0">
  <reporter-output>
  </reporter-output>
  <suite started-at="2021-08-31T04:10:07 PKT" name="Default suite" finished-at="2021-08-31T04:11:11 PKT" duration-ms="63158">
    <groups>
    </groups>
    <test started-at="2021-08-31T04:10:07 PKT" name="Default test" finished-at="2021-08-31T04:11:11 PKT" duration-ms="63158">
      <class name="Day1.youtube_test">
        <test-method is-config="true" signature="setup()[pri:0, instance:Day1.youtube_test@41fecb8b]" started-at="2021-08-31T04:10:07 PKT" name="setup" finished-at="2021-08-31T04:10:57 PKT" duration-ms="49832" status="PASS">
          <reporter-output>
          </reporter-output>
        </test-method> <!-- setup -->
        <test-method signature="youtube()[pri:0, instance:Day1.youtube_test@41fecb8b]" started-at="2021-08-31T04:10:57 PKT" name="youtube" finished-at="2021-08-31T04:11:11 PKT" duration-ms="13141" status="PASS">
          <reporter-output>
          </reporter-output>
        </test-method> <!-- youtube -->
      </class> <!-- Day1.youtube_test -->
    </test> <!-- Default test -->
  </suite> <!-- Default suite -->
</testng-results>
