<?xml version="1.0" encoding="UTF-8"?>
<testng-results ignored="0" total="1" passed="1" failed="0" skipped="0">
  <reporter-output>
  </reporter-output>
  <suite started-at="2022-02-20T23:42:00 PKT" name="Default suite" finished-at="2022-02-20T23:42:51 PKT" duration-ms="50532">
    <groups>
    </groups>
    <test started-at="2022-02-20T23:42:00 PKT" name="Default test" finished-at="2022-02-20T23:42:51 PKT" duration-ms="50532">
      <class name="test.login">
        <test-method signature="main()[pri:0, instance:test.login@6bedbc4d]" started-at="2022-02-20T23:42:00 PKT" name="main" finished-at="2022-02-20T23:42:51 PKT" duration-ms="50399" status="PASS">
          <reporter-output>
          </reporter-output>
        </test-method> <!-- main -->
      </class> <!-- test.login -->
    </test> <!-- Default test -->
  </suite> <!-- Default suite -->
</testng-results>
